<?xml version="1.0" encoding="UTF-8"?>
<!-- Generated by org.testng.reporters.JUnitReportReporter -->
<testsuite hostname="LAPTOP-2A6IMJ3A" failures="0" tests="1" name="Practice.DemoTest" time="0.008" errors="0" timestamp="2023-04-19T19:39:23 IST" skipped="0">
  <testcase classname="Practice.DemoTest" name="method" time="0.008"/>
  <system-out/>
</testsuite> <!-- Practice.DemoTest -->
